29.11.2011 13:41:05 INFO  [main] de.uni_leipzig.simba.io.ConfigReader.validateAndRead(ConfigReader.java:64): File is valid. Parsing ...
29.11.2011 13:41:05 INFO  [main] de.uni_leipzig.simba.io.ConfigReader.validateAndRead(ConfigReader.java:115): Source config
ID: dailymed
Prefixes: {dc-terms=http://purl.org/dc/terms, dbpedia-p=http://dbpedia.org/property/, rdfs=http://www.w3.org/2000/01/rdf-schema#, drugbank=http://www4.wiwiss.fu-berlin.de/drugbank/resource/drugbank/, dbpedia-r=http://dbpedia.org/resource/Category/, dbpedia-o=http://dbpedia.org/ontology/, owl=http://www.w3.org/2002/07/owl#, rdf=http://www.w3.org/1999/02/22-rdf-syntax-ns#, dailymed=http://www4.wiwiss.fu-berlin.de/dailymed/resource/dailymed/}
Endpoint: http://lgd.aksw.org:5678/sparql
Graph: http://www.instancematching.org/oaei/di/dailymed/
Restrictions: [?x rdf:type dailymed:drugs]
Properties: [dailymed:activeMoiety/rdfs:label]
Page size: 1000
Type: sparql

29.11.2011 13:41:05 INFO  [main] de.uni_leipzig.simba.io.ConfigReader.validateAndRead(ConfigReader.java:148): Target config
ID: drugbank
Prefixes: {dc-terms=http://purl.org/dc/terms, dbpedia-p=http://dbpedia.org/property/, rdfs=http://www.w3.org/2000/01/rdf-schema#, drugbank=http://www4.wiwiss.fu-berlin.de/drugbank/resource/drugbank/, dbpedia-r=http://dbpedia.org/resource/Category/, dbpedia-o=http://dbpedia.org/ontology/, owl=http://www.w3.org/2002/07/owl#, rdf=http://www.w3.org/1999/02/22-rdf-syntax-ns#, dailymed=http://www4.wiwiss.fu-berlin.de/dailymed/resource/dailymed/}
Endpoint: http://lgd.aksw.org:5678/sparql
Graph: http://www.instancematching.org/oaei/di/drugbank/
Restrictions: [?y rdf:type drugbank:drugs]
Properties: [rdfs:label]
Page size: 1000
Type: sparql

29.11.2011 13:41:05 INFO  [main] de.uni_leipzig.simba.io.ConfigReader.validateAndRead(ConfigReader.java:152): Metric used trigrams(x.dailymed:activeMoiety/rdfs:label, y.rdfs:label)
29.11.2011 13:41:05 INFO  [main] de.uni_leipzig.simba.io.ConfigReader.validateAndRead(ConfigReader.java:173): Instances with similarity beyond 0.9 will be written in examples/latc/finals/drugbank-dailymed-activeMoiety.ttl and linked with dailymed:activeIngredient
29.11.2011 13:41:05 INFO  [main] de.uni_leipzig.simba.io.ConfigReader.validateAndRead(ConfigReader.java:195): Linking will be carried out by using the Simple execution plan
29.11.2011 13:41:05 INFO  [main] de.uni_leipzig.simba.io.ConfigReader.validateAndRead(ConfigReader.java:204): Linking will be carried by using granularity 16
29.11.2011 13:41:05 INFO  [main] de.uni_leipzig.simba.io.ConfigReader.validateAndRead(ConfigReader.java:214): Output will be written in N3 format.
29.11.2011 13:41:05 INFO  [main] de.uni_leipzig.simba.io.ConfigReader.validateAndRead(ConfigReader.java:218): Instances with similarity between 0.9 and 0.9 will be written in examples/latc/drugbank-dailymed.toReview.ttl and linked with dailymed:activeIngredient
29.11.2011 13:41:05 INFO  [main] de.uni_leipzig.simba.io.ConfigReader.validateAndRead(ConfigReader.java:228): File Examples\LATC\finals\drugbank-dailymed-activeMoeity.limes.xml is valid.
29.11.2011 13:41:05 INFO  [main] de.uni_leipzig.simba.controller.PPJoinController.run(PPJoinController.java:124): ID: dailymed
Prefixes: {dc-terms=http://purl.org/dc/terms, dbpedia-p=http://dbpedia.org/property/, rdfs=http://www.w3.org/2000/01/rdf-schema#, drugbank=http://www4.wiwiss.fu-berlin.de/drugbank/resource/drugbank/, dbpedia-r=http://dbpedia.org/resource/Category/, dbpedia-o=http://dbpedia.org/ontology/, owl=http://www.w3.org/2002/07/owl#, rdf=http://www.w3.org/1999/02/22-rdf-syntax-ns#, dailymed=http://www4.wiwiss.fu-berlin.de/dailymed/resource/dailymed/}
Endpoint: http://lgd.aksw.org:5678/sparql
Graph: http://www.instancematching.org/oaei/di/dailymed/
Restrictions: [?x rdf:type dailymed:drugs]
Properties: [dailymed:activeMoiety/rdfs:label]
Page size: 1000
Type: sparql

29.11.2011 13:41:05 INFO  [main] de.uni_leipzig.simba.controller.PPJoinController.run(PPJoinController.java:125): ID: drugbank
Prefixes: {dc-terms=http://purl.org/dc/terms, dbpedia-p=http://dbpedia.org/property/, rdfs=http://www.w3.org/2000/01/rdf-schema#, drugbank=http://www4.wiwiss.fu-berlin.de/drugbank/resource/drugbank/, dbpedia-r=http://dbpedia.org/resource/Category/, dbpedia-o=http://dbpedia.org/ontology/, owl=http://www.w3.org/2002/07/owl#, rdf=http://www.w3.org/1999/02/22-rdf-syntax-ns#, dailymed=http://www4.wiwiss.fu-berlin.de/dailymed/resource/dailymed/}
Endpoint: http://lgd.aksw.org:5678/sparql
Graph: http://www.instancematching.org/oaei/di/drugbank/
Restrictions: [?y rdf:type drugbank:drugs]
Properties: [rdfs:label]
Page size: 1000
Type: sparql

29.11.2011 13:41:05 INFO  [main] de.uni_leipzig.simba.controller.PPJoinController.run(PPJoinController.java:130): Loading source data ...
29.11.2011 13:41:05 INFO  [main] de.uni_leipzig.simba.cache.HybridCache.getData(HybridCache.java:193): Found cached data. Loading data from file D:\Work\Java\LIMES\cache\1705714013.ser
29.11.2011 13:41:06 INFO  [main] de.uni_leipzig.simba.cache.HybridCache.getData(HybridCache.java:199): Cached data loaded successfully from file D:\Work\Java\LIMES\cache\1705714013.ser
29.11.2011 13:41:06 INFO  [main] de.uni_leipzig.simba.cache.HybridCache.getData(HybridCache.java:200): Size = 2890
29.11.2011 13:41:06 INFO  [main] de.uni_leipzig.simba.controller.PPJoinController.run(PPJoinController.java:135): Loading target data ...
29.11.2011 13:41:06 INFO  [main] de.uni_leipzig.simba.cache.HybridCache.getData(HybridCache.java:193): Found cached data. Loading data from file D:\Work\Java\LIMES\cache\1797190338.ser
29.11.2011 13:41:07 INFO  [main] de.uni_leipzig.simba.cache.HybridCache.getData(HybridCache.java:199): Cached data loaded successfully from file D:\Work\Java\LIMES\cache\1797190338.ser
29.11.2011 13:41:07 INFO  [main] de.uni_leipzig.simba.cache.HybridCache.getData(HybridCache.java:200): Size = 4772
29.11.2011 13:41:07 INFO  [main] de.uni_leipzig.simba.controller.PPJoinController.run(PPJoinController.java:165): Getting links ...
29.11.2011 13:41:07 INFO  [main] de.uni_leipzig.simba.mapper.SimpleSetConstraintsMapper.getLinks(SimpleSetConstraintsMapper.java:68): Expression trigrams(x.dailymed:activeMoiety/rdfs:label, y.rdfs:label) is atomic.
29.11.2011 13:41:07 INFO  [main] de.uni_leipzig.simba.mapper.SimpleSetConstraintsMapper.getLinks(SimpleSetConstraintsMapper.java:69): Starting atomic mapper on trigrams(x.dailymed:activeMoiety/rdfs:label, y.rdfs:label) with threshold 0.9
29.11.2011 13:41:07 INFO  [main] de.uni_leipzig.simba.mapper.atomic.PPJoinPlusPlus.getMapping(PPJoinPlusPlus.java:116): Starting PPJoinPlus
29.11.2011 13:41:07 INFO  [main] de.uni_leipzig.simba.mapper.atomic.PPJoinPlusPlus.getMapping(PPJoinPlusPlus.java:187): Filling objects from source knowledge base.
29.11.2011 13:41:07 INFO  [main] de.uni_leipzig.simba.mapper.atomic.PPJoinPlusPlus.getMapping(PPJoinPlusPlus.java:203): Filling objects from target knowledge base.
29.11.2011 13:41:07 INFO  [main] de.uni_leipzig.simba.mapper.atomic.PPJoinPlusPlus.tokenizer(PPJoinPlusPlus.java:563): Tokenizing carried out in 37ms.
29.11.2011 13:41:07 INFO  [main] de.uni_leipzig.simba.mapper.atomic.PPJoinPlusPlus.getMapping(PPJoinPlusPlus.java:232): Beginninng comparison per se
29.11.2011 13:41:07 INFO  [main] de.uni_leipzig.simba.mapper.atomic.PPJoinPlusPlus.getMapping(PPJoinPlusPlus.java:234): Using metric Trigram
29.11.2011 13:41:07 INFO  [main] de.uni_leipzig.simba.mapper.atomic.PPJoinPlusPlus.getMapping(PPJoinPlusPlus.java:311): Mapping carried out using 12481 comparisons.
29.11.2011 13:41:07 INFO  [main] de.uni_leipzig.simba.mapper.SimpleSetConstraintsMapper.getLinks(SimpleSetConstraintsMapper.java:71): Atomic mapper got 2362 links
29.11.2011 13:41:07 INFO  [main] de.uni_leipzig.simba.controller.PPJoinController.run(PPJoinController.java:168): Got links in 107ms.
29.11.2011 13:41:07 INFO  [main] de.uni_leipzig.simba.io.SerializerFactory.getSerializer(SerializerFactory.java:20): Getting serializer with name N3
29.11.2011 13:41:07 INFO  [main] de.uni_leipzig.simba.io.SerializerFactory.getSerializer(SerializerFactory.java:20): Getting serializer with name N3
29.11.2011 13:41:07 INFO  [main] de.uni_leipzig.simba.controller.PPJoinController.run(PPJoinController.java:173): Using N3Serializer to serialize
29.11.2011 13:41:07 INFO  [main] de.uni_leipzig.simba.controller.PPJoinController.run(PPJoinController.java:193): Returned 2362 links above acceptance threshold.
29.11.2011 13:41:07 INFO  [main] de.uni_leipzig.simba.controller.PPJoinController.run(PPJoinController.java:194): Returned 0 links to review.
29.11.2011 13:41:07 INFO  [main] de.uni_leipzig.simba.controller.PPJoinController.run(PPJoinController.java:199): Mapping carried out in 1.975 seconds
29.11.2011 13:41:07 INFO  [main] de.uni_leipzig.simba.controller.PPJoinController.run(PPJoinController.java:200): Done.
