27.03.2012 16:26:57 INFO  [main] de.uni_leipzig.simba.io.ConfigReader.validateAndRead(ConfigReader.java:64): File is valid. Parsing ...
27.03.2012 16:26:57 INFO  [main] de.uni_leipzig.simba.io.ConfigReader.validateAndRead(ConfigReader.java:117): Source config
ID: dailymed
Prefixes: {dc-terms=http://purl.org/dc/terms, dbpedia-p=http://dbpedia.org/property/, rdfs=http://www.w3.org/2000/01/rdf-schema#, drugbank=http://www4.wiwiss.fu-berlin.de/drugbank/resource/drugbank/, dbpedia-r=http://dbpedia.org/resource/Category/, dbpedia-o=http://dbpedia.org/ontology/, owl=http://www.w3.org/2002/07/owl#, rdf=http://www.w3.org/1999/02/22-rdf-syntax-ns#, dailymed=http://www4.wiwiss.fu-berlin.de/dailymed/resource/dailymed/}
Endpoint: http://lgd.aksw.org:5678/sparql
Graph: http://www.instancematching.org/oaei/di/dailymed/
Restrictions: [?x rdf:type dailymed:drugs]
Properties: {dailymed:activeIngredient/rdfs:label=lowercase}
Page size: 1000
Type: sparql

27.03.2012 16:26:57 INFO  [main] de.uni_leipzig.simba.io.ConfigReader.validateAndRead(ConfigReader.java:152): Target config
ID: drugbank
Prefixes: {dc-terms=http://purl.org/dc/terms, dbpedia-p=http://dbpedia.org/property/, rdfs=http://www.w3.org/2000/01/rdf-schema#, drugbank=http://www4.wiwiss.fu-berlin.de/drugbank/resource/drugbank/, dbpedia-r=http://dbpedia.org/resource/Category/, dbpedia-o=http://dbpedia.org/ontology/, owl=http://www.w3.org/2002/07/owl#, rdf=http://www.w3.org/1999/02/22-rdf-syntax-ns#, dailymed=http://www4.wiwiss.fu-berlin.de/dailymed/resource/dailymed/}
Endpoint: http://lgd.aksw.org:5678/sparql
Graph: http://www.instancematching.org/oaei/di/drugbank/
Restrictions: [?y rdf:type drugbank:drugs]
Properties: {rdfs:label=lowercase}
Page size: 1000
Type: sparql

27.03.2012 16:26:57 INFO  [main] de.uni_leipzig.simba.io.ConfigReader.validateAndRead(ConfigReader.java:156): Metric used trigrams(x.dailymed:activeIngredient/rdfs:label, y.rdfs:label)
27.03.2012 16:26:57 INFO  [main] de.uni_leipzig.simba.io.ConfigReader.validateAndRead(ConfigReader.java:177): Instances with similarity beyond 0.9 will be written in examples/latc/finals/drugbank-dailymed-activeIngredients.ttl and linked with dailymed:activeIngredient
27.03.2012 16:26:57 INFO  [main] de.uni_leipzig.simba.io.ConfigReader.validateAndRead(ConfigReader.java:199): Linking will be carried out by using the Simple execution plan
27.03.2012 16:26:57 INFO  [main] de.uni_leipzig.simba.io.ConfigReader.validateAndRead(ConfigReader.java:208): Linking will be carried by using granularity 16
27.03.2012 16:26:57 INFO  [main] de.uni_leipzig.simba.io.ConfigReader.validateAndRead(ConfigReader.java:218): Output will be written in TTL format.
27.03.2012 16:26:57 INFO  [main] de.uni_leipzig.simba.io.ConfigReader.validateAndRead(ConfigReader.java:222): Instances with similarity between 0.9 and 0.9 will be written in examples/latc/drugbank-dailymed.toReview.ttl and linked with dailymed:activeIngredient
27.03.2012 16:26:57 INFO  [main] de.uni_leipzig.simba.io.ConfigReader.validateAndRead(ConfigReader.java:233): File D:\Work\Java\LIMES\Examples\LATC\finals\drugbank-dailymed-activeIngredient.limes.xml is valid.
27.03.2012 16:26:57 INFO  [main] de.uni_leipzig.simba.controller.PPJoinController.run(PPJoinController.java:129): ID: dailymed
Prefixes: {dc-terms=http://purl.org/dc/terms, dbpedia-p=http://dbpedia.org/property/, rdfs=http://www.w3.org/2000/01/rdf-schema#, drugbank=http://www4.wiwiss.fu-berlin.de/drugbank/resource/drugbank/, dbpedia-r=http://dbpedia.org/resource/Category/, dbpedia-o=http://dbpedia.org/ontology/, owl=http://www.w3.org/2002/07/owl#, rdf=http://www.w3.org/1999/02/22-rdf-syntax-ns#, dailymed=http://www4.wiwiss.fu-berlin.de/dailymed/resource/dailymed/}
Endpoint: http://lgd.aksw.org:5678/sparql
Graph: http://www.instancematching.org/oaei/di/dailymed/
Restrictions: [?x rdf:type dailymed:drugs]
Properties: {dailymed:activeIngredient/rdfs:label=lowercase}
Page size: 1000
Type: sparql

27.03.2012 16:26:57 INFO  [main] de.uni_leipzig.simba.controller.PPJoinController.run(PPJoinController.java:130): ID: drugbank
Prefixes: {dc-terms=http://purl.org/dc/terms, dbpedia-p=http://dbpedia.org/property/, rdfs=http://www.w3.org/2000/01/rdf-schema#, drugbank=http://www4.wiwiss.fu-berlin.de/drugbank/resource/drugbank/, dbpedia-r=http://dbpedia.org/resource/Category/, dbpedia-o=http://dbpedia.org/ontology/, owl=http://www.w3.org/2002/07/owl#, rdf=http://www.w3.org/1999/02/22-rdf-syntax-ns#, dailymed=http://www4.wiwiss.fu-berlin.de/dailymed/resource/dailymed/}
Endpoint: http://lgd.aksw.org:5678/sparql
Graph: http://www.instancematching.org/oaei/di/drugbank/
Restrictions: [?y rdf:type drugbank:drugs]
Properties: {rdfs:label=lowercase}
Page size: 1000
Type: sparql

27.03.2012 16:26:57 INFO  [main] de.uni_leipzig.simba.controller.PPJoinController.run(PPJoinController.java:135): Loading source data ...
27.03.2012 16:26:57 INFO  [main] de.uni_leipzig.simba.cache.HybridCache.getData(HybridCache.java:193): Found cached data. Loading data from file D:\Work\Java\LIMES\cache\1366115855.ser
27.03.2012 16:26:58 INFO  [main] de.uni_leipzig.simba.cache.HybridCache.getData(HybridCache.java:199): Cached data loaded successfully from file D:\Work\Java\LIMES\cache\1366115855.ser
27.03.2012 16:26:58 INFO  [main] de.uni_leipzig.simba.cache.HybridCache.getData(HybridCache.java:200): Size = 2722
27.03.2012 16:26:58 INFO  [main] de.uni_leipzig.simba.controller.PPJoinController.run(PPJoinController.java:140): Loading target data ...
27.03.2012 16:26:58 INFO  [main] de.uni_leipzig.simba.cache.HybridCache.getData(HybridCache.java:193): Found cached data. Loading data from file D:\Work\Java\LIMES\cache\1797190338.ser
27.03.2012 16:26:58 INFO  [main] de.uni_leipzig.simba.cache.HybridCache.getData(HybridCache.java:199): Cached data loaded successfully from file D:\Work\Java\LIMES\cache\1797190338.ser
27.03.2012 16:26:58 INFO  [main] de.uni_leipzig.simba.cache.HybridCache.getData(HybridCache.java:200): Size = 4772
27.03.2012 16:26:58 INFO  [main] de.uni_leipzig.simba.controller.PPJoinController.run(PPJoinController.java:170): Getting links ...
27.03.2012 16:26:58 INFO  [main] de.uni_leipzig.simba.mapper.SimpleSetConstraintsMapper.getLinks(SimpleSetConstraintsMapper.java:68): Expression trigrams(x.dailymed:activeIngredient/rdfs:label, y.rdfs:label) is atomic.
27.03.2012 16:26:58 INFO  [main] de.uni_leipzig.simba.mapper.SimpleSetConstraintsMapper.getLinks(SimpleSetConstraintsMapper.java:69): Starting atomic mapper on trigrams(x.dailymed:activeIngredient/rdfs:label, y.rdfs:label) with threshold 0.9
27.03.2012 16:26:58 INFO  [main] de.uni_leipzig.simba.mapper.atomic.PPJoinPlusPlus.getMapping(PPJoinPlusPlus.java:116): Starting PPJoinPlus
27.03.2012 16:26:58 INFO  [main] de.uni_leipzig.simba.mapper.atomic.PPJoinPlusPlus.getMapping(PPJoinPlusPlus.java:187): Filling objects from source knowledge base.
27.03.2012 16:26:58 INFO  [main] de.uni_leipzig.simba.mapper.atomic.PPJoinPlusPlus.getMapping(PPJoinPlusPlus.java:203): Filling objects from target knowledge base.
27.03.2012 16:26:58 INFO  [main] de.uni_leipzig.simba.mapper.atomic.PPJoinPlusPlus.tokenizer(PPJoinPlusPlus.java:563): Tokenizing carried out in 70ms.
27.03.2012 16:26:58 INFO  [main] de.uni_leipzig.simba.mapper.atomic.PPJoinPlusPlus.getMapping(PPJoinPlusPlus.java:232): Beginninng comparison per se
27.03.2012 16:26:58 INFO  [main] de.uni_leipzig.simba.mapper.atomic.PPJoinPlusPlus.getMapping(PPJoinPlusPlus.java:234): Using measure Trigram
27.03.2012 16:26:58 INFO  [main] de.uni_leipzig.simba.mapper.atomic.PPJoinPlusPlus.getMapping(PPJoinPlusPlus.java:311): Mapping carried out using 7430 comparisons.
27.03.2012 16:26:58 INFO  [main] de.uni_leipzig.simba.mapper.SimpleSetConstraintsMapper.getLinks(SimpleSetConstraintsMapper.java:71): Atomic mapper got 1193 links
27.03.2012 16:26:58 INFO  [main] de.uni_leipzig.simba.controller.PPJoinController.run(PPJoinController.java:173): Got links in 213ms.
27.03.2012 16:26:58 INFO  [main] de.uni_leipzig.simba.io.SerializerFactory.getSerializer(SerializerFactory.java:20): Getting serializer with name TTL
27.03.2012 16:26:58 INFO  [main] de.uni_leipzig.simba.io.SerializerFactory.getSerializer(SerializerFactory.java:20): Getting serializer with name TTL
27.03.2012 16:26:58 INFO  [main] de.uni_leipzig.simba.controller.PPJoinController.run(PPJoinController.java:178): Using N3Serializer to serialize
27.03.2012 16:26:58 INFO  [main] de.uni_leipzig.simba.controller.PPJoinController.run(PPJoinController.java:198): Returned 1193 links above acceptance threshold.
27.03.2012 16:26:58 INFO  [main] de.uni_leipzig.simba.controller.PPJoinController.run(PPJoinController.java:199): Returned 0 links to review.
27.03.2012 16:26:58 INFO  [main] de.uni_leipzig.simba.controller.PPJoinController.run(PPJoinController.java:204): Mapping carried out in 1.662 seconds
27.03.2012 16:26:58 INFO  [main] de.uni_leipzig.simba.controller.PPJoinController.run(PPJoinController.java:205): Done.
