08.05.2011 13:27:20 INFO  [main] de.uni_leipzig.simba.io.ConfigReader.validateAndRead(ConfigReader.java:64): File is valid. Parsing ...
08.05.2011 13:27:20 INFO  [main] de.uni_leipzig.simba.io.ConfigReader.validateAndRead(ConfigReader.java:107): Source config
ID: geonames
Prefixes: {lgdp=http://linkedgeodata.org/property/, dc-terms=http://purl.org/dc/terms, dbpedia-p=http://dbpedia.org/property/, lgdo=http://linkedgeodata.org/ontology/, rdfs=http://www.w3.org/2000/01/rdf-schema#, dbpedia-r=http://dbpedia.org/resource/Category/, dbpedia-o=http://dbpedia.org/ontology/, owl=http://www.w3.org/2002/07/owl#, wgs84=http://www.w3.org/2003/01/geo/wgs84_pos#, rdf=http://www.w3.org/1999/02/22-rdf-syntax-ns#, geonames=http://www.geonames.org/ontology#}
Endpoint:  http://dbpedia.aksw.org:8899/sparql
Graph: http://dbpedia.org
Restrictions: [ ]
Properties: [geonames:population, geonames:alternateName, geonames:name]
Page size: -1
Type: sparql

08.05.2011 13:27:20 INFO  [main] de.uni_leipzig.simba.io.ConfigReader.validateAndRead(ConfigReader.java:132): Target config
ID: lgd
Prefixes: {lgdp=http://linkedgeodata.org/property/, dc-terms=http://purl.org/dc/terms, dbpedia-p=http://dbpedia.org/property/, lgdo=http://linkedgeodata.org/ontology/, rdfs=http://www.w3.org/2000/01/rdf-schema#, dbpedia-r=http://dbpedia.org/resource/Category/, dbpedia-o=http://dbpedia.org/ontology/, owl=http://www.w3.org/2002/07/owl#, wgs84=http://www.w3.org/2003/01/geo/wgs84_pos#, rdf=http://www.w3.org/1999/02/22-rdf-syntax-ns#, geonames=http://www.geonames.org/ontology#}
Endpoint: http://linkedgeodata.org/sparql/
Graph: null
Restrictions: [?y rdf:type lgdo:Place]
Properties: [lgdo:population, rdfs:label]
Page size: -1
Type: sparql

08.05.2011 13:27:20 INFO  [main] de.uni_leipzig.simba.io.ConfigReader.validateAndRead(ConfigReader.java:136): Metric used OR(euclidean(x.geonames:population,y.lgdo:population)|0.0001, OR(trigrams(x.geonames:alternateName, y.rdfs:label)|0.9, trigrams(x.geonames:name, y.rdfs:label)|0.9)|0.9)
08.05.2011 13:27:20 INFO  [main] de.uni_leipzig.simba.io.ConfigReader.validateAndRead(ConfigReader.java:157): Instances with similarity beyond 1.0E-5 will be written in small_geonames_lgd_accepted.nt and linked with owl:sameAs
08.05.2011 13:27:20 INFO  [main] de.uni_leipzig.simba.io.ConfigReader.validateAndRead(ConfigReader.java:179): Linking will be carried out by using the Simple execution plan
08.05.2011 13:27:20 INFO  [main] de.uni_leipzig.simba.io.ConfigReader.validateAndRead(ConfigReader.java:188): Linking will be carried by using granularity 16
08.05.2011 13:27:20 INFO  [main] de.uni_leipzig.simba.io.ConfigReader.validateAndRead(ConfigReader.java:198): Output will be written in TAB format.
08.05.2011 13:27:20 INFO  [main] de.uni_leipzig.simba.io.ConfigReader.validateAndRead(ConfigReader.java:202): Instances with similarity between 0.0 and 1.0E-5 will be written in small_geonames_lgd_review.nt and linked with owl:sameAs
08.05.2011 13:27:20 INFO  [main] de.uni_leipzig.simba.io.ConfigReader.validateAndRead(ConfigReader.java:212): File Examples\Paper\largescale\geonames-linkedgeodata-small.limes.xml is valid.
08.05.2011 13:27:20 INFO  [main] de.uni_leipzig.simba.controller.PPJoinController.run(PPJoinController.java:56): ID: geonames
Prefixes: {lgdp=http://linkedgeodata.org/property/, dc-terms=http://purl.org/dc/terms, dbpedia-p=http://dbpedia.org/property/, lgdo=http://linkedgeodata.org/ontology/, rdfs=http://www.w3.org/2000/01/rdf-schema#, dbpedia-r=http://dbpedia.org/resource/Category/, dbpedia-o=http://dbpedia.org/ontology/, owl=http://www.w3.org/2002/07/owl#, wgs84=http://www.w3.org/2003/01/geo/wgs84_pos#, rdf=http://www.w3.org/1999/02/22-rdf-syntax-ns#, geonames=http://www.geonames.org/ontology#}
Endpoint:  http://dbpedia.aksw.org:8899/sparql
Graph: http://dbpedia.org
Restrictions: [ ]
Properties: [geonames:population, geonames:alternateName, geonames:name]
Page size: -1
Type: sparql

08.05.2011 13:27:20 INFO  [main] de.uni_leipzig.simba.controller.PPJoinController.run(PPJoinController.java:57): ID: lgd
Prefixes: {lgdp=http://linkedgeodata.org/property/, dc-terms=http://purl.org/dc/terms, dbpedia-p=http://dbpedia.org/property/, lgdo=http://linkedgeodata.org/ontology/, rdfs=http://www.w3.org/2000/01/rdf-schema#, dbpedia-r=http://dbpedia.org/resource/Category/, dbpedia-o=http://dbpedia.org/ontology/, owl=http://www.w3.org/2002/07/owl#, wgs84=http://www.w3.org/2003/01/geo/wgs84_pos#, rdf=http://www.w3.org/1999/02/22-rdf-syntax-ns#, geonames=http://www.geonames.org/ontology#}
Endpoint: http://linkedgeodata.org/sparql/
Graph: null
Restrictions: [?y rdf:type lgdo:Place]
Properties: [lgdo:population, rdfs:label]
Page size: -1
Type: sparql

08.05.2011 13:27:20 INFO  [main] de.uni_leipzig.simba.controller.PPJoinController.run(PPJoinController.java:62): Loading source data ...
08.05.2011 13:27:20 INFO  [main] de.uni_leipzig.simba.cache.HybridCache.getData(HybridCache.java:205): No cached data found for geonames
08.05.2011 13:27:20 INFO  [main] de.uni_leipzig.simba.query.SparqlQueryModule.fillCache(SparqlQueryModule.java:71): Properties are [geonames:population, geonames:alternateName, geonames:name]
08.05.2011 13:27:20 INFO  [main] de.uni_leipzig.simba.query.SparqlQueryModule.fillCache(SparqlQueryModule.java:117): Query issued is 
PREFIX lgdp: <http://linkedgeodata.org/property/>
PREFIX dc-terms: <http://purl.org/dc/terms>
PREFIX dbpedia-p: <http://dbpedia.org/property/>
PREFIX lgdo: <http://linkedgeodata.org/ontology/>
PREFIX rdfs: <http://www.w3.org/2000/01/rdf-schema#>
PREFIX dbpedia-r: <http://dbpedia.org/resource/Category/>
PREFIX dbpedia-o: <http://dbpedia.org/ontology/>
PREFIX owl: <http://www.w3.org/2002/07/owl#>
PREFIX wgs84: <http://www.w3.org/2003/01/geo/wgs84_pos#>
PREFIX rdf: <http://www.w3.org/1999/02/22-rdf-syntax-ns#>
PREFIX geonames: <http://www.geonames.org/ontology#>
SELECT DISTINCT ?x ?v0 ?v1 ?v2
WHERE {
?x geonames:population ?v0 .
?x geonames:alternateName ?v1 .
?x geonames:name ?v2 .
}
08.05.2011 13:27:20 INFO  [main] de.uni_leipzig.simba.query.SparqlQueryModule.fillCache(SparqlQueryModule.java:119): Querying the endpoint.
08.05.2011 13:27:20 INFO  [main] de.uni_leipzig.simba.query.SparqlQueryModule.fillCache(SparqlQueryModule.java:127): Getting statements 0 to -1
08.05.2011 13:27:22 INFO  [main] de.uni_leipzig.simba.query.SparqlQueryModule.fillCache(SparqlQueryModule.java:226): Retrieved 0 triples and 0 entities.
08.05.2011 13:27:22 INFO  [main] de.uni_leipzig.simba.query.SparqlQueryModule.fillCache(SparqlQueryModule.java:227): Retrieving statements took 1.988 seconds.
08.05.2011 13:27:22 INFO  [main] de.uni_leipzig.simba.cache.HybridCache.saveToFile(HybridCache.java:154): Serializing 0 objects to D:\Work\Java\LIMES\cache\800008899.ser
08.05.2011 13:27:22 INFO  [main] de.uni_leipzig.simba.controller.PPJoinController.run(PPJoinController.java:67): Loading target data ...
08.05.2011 13:27:22 INFO  [main] de.uni_leipzig.simba.cache.HybridCache.getData(HybridCache.java:193): Found cached data. Loading data from file D:\Work\Java\LIMES\cache\-1425894479.ser
08.05.2011 13:27:23 INFO  [main] de.uni_leipzig.simba.cache.HybridCache.getData(HybridCache.java:199): Cached data loaded successfully from file D:\Work\Java\LIMES\cache\-1425894479.ser
08.05.2011 13:27:23 INFO  [main] de.uni_leipzig.simba.cache.HybridCache.getData(HybridCache.java:200): Size = 685
08.05.2011 13:27:23 INFO  [main] de.uni_leipzig.simba.controller.PPJoinController.run(PPJoinController.java:97): Getting links ...
08.05.2011 13:27:23 INFO  [main] de.uni_leipzig.simba.mapper.SimpleSetConstraintsMapper.getLinks(SimpleSetConstraintsMapper.java:75): Expression OR(euclidean(x.geonames:population,y.lgdo:population)|0.0001, OR(trigrams(x.geonames:alternateName, y.rdfs:label)|0.9, trigrams(x.geonames:name, y.rdfs:label)|0.9)|0.9) with threshold 0.0 is not atomic
08.05.2011 13:27:23 INFO  [main] de.uni_leipzig.simba.mapper.SimpleSetConstraintsMapper.getLinks(SimpleSetConstraintsMapper.java:76): Getting links for euclidean(x.geonames:population,y.lgdo:population) with threshold 1.0E-4
08.05.2011 13:27:23 INFO  [main] de.uni_leipzig.simba.mapper.SimpleSetConstraintsMapper.getLinks(SimpleSetConstraintsMapper.java:68): Expression euclidean(x.geonames:population,y.lgdo:population) is atomic.
08.05.2011 13:27:23 INFO  [main] de.uni_leipzig.simba.mapper.SimpleSetConstraintsMapper.getLinks(SimpleSetConstraintsMapper.java:69): Starting atomic mapper on euclidean(x.geonames:population,y.lgdo:population) with threshold 1.0E-4
08.05.2011 13:27:23 INFO  [main] de.uni_leipzig.simba.mapper.atomic.TotalOrderBlockingMapper.getMapping(TotalOrderBlockingMapper.java:64): Comparing geonames:population and lgdo:population, ergo 1 dimensions
08.05.2011 13:27:23 INFO  [main] de.uni_leipzig.simba.mapper.atomic.TotalOrderBlockingMapper.getMapping(TotalOrderBlockingMapper.java:68): Granularity is set to 16
08.05.2011 13:27:23 INFO  [main] de.uni_leipzig.simba.mapper.atomic.TotalOrderBlockingMapper.getMapping(TotalOrderBlockingMapper.java:74): Getting hypercubes for target.
08.05.2011 13:27:23 INFO  [main] de.uni_leipzig.simba.mapper.atomic.TotalOrderBlockingMapper.getMapping(TotalOrderBlockingMapper.java:87): Generated 1 hypercubes for target.
08.05.2011 13:27:23 INFO  [main] de.uni_leipzig.simba.mapper.atomic.TotalOrderBlockingMapper.getMapping(TotalOrderBlockingMapper.java:88): Computing links ...
08.05.2011 13:27:23 INFO  [main] de.uni_leipzig.simba.mapper.SimpleSetConstraintsMapper.getLinks(SimpleSetConstraintsMapper.java:71): Atomic mapper got 0 links
08.05.2011 13:27:23 INFO  [main] de.uni_leipzig.simba.mapper.SimpleSetConstraintsMapper.getLinks(SimpleSetConstraintsMapper.java:79): Got 0 links in 34 ms
08.05.2011 13:27:23 INFO  [main] de.uni_leipzig.simba.mapper.SimpleSetConstraintsMapper.getLinks(SimpleSetConstraintsMapper.java:82): Getting links for OR(trigrams(x.geonames:alternateName,y.rdfs:label)|0.9,trigrams(x.geonames:name,y.rdfs:label)|0.9) with threshold 0.9
08.05.2011 13:27:23 INFO  [main] de.uni_leipzig.simba.mapper.SimpleSetConstraintsMapper.getLinks(SimpleSetConstraintsMapper.java:75): Expression OR(trigrams(x.geonames:alternateName,y.rdfs:label)|0.9,trigrams(x.geonames:name,y.rdfs:label)|0.9) with threshold 0.9 is not atomic
08.05.2011 13:27:23 INFO  [main] de.uni_leipzig.simba.mapper.SimpleSetConstraintsMapper.getLinks(SimpleSetConstraintsMapper.java:76): Getting links for trigrams(x.geonames:alternateName,y.rdfs:label) with threshold 0.9
08.05.2011 13:27:23 INFO  [main] de.uni_leipzig.simba.mapper.SimpleSetConstraintsMapper.getLinks(SimpleSetConstraintsMapper.java:68): Expression trigrams(x.geonames:alternateName,y.rdfs:label) is atomic.
08.05.2011 13:27:23 INFO  [main] de.uni_leipzig.simba.mapper.SimpleSetConstraintsMapper.getLinks(SimpleSetConstraintsMapper.java:69): Starting atomic mapper on trigrams(x.geonames:alternateName,y.rdfs:label) with threshold 0.9
08.05.2011 13:27:23 INFO  [main] de.uni_leipzig.simba.mapper.atomic.PPJoinPlusPlus.getMapping(PPJoinPlusPlus.java:116): Starting PPJoinPlus
08.05.2011 13:27:23 INFO  [main] de.uni_leipzig.simba.mapper.atomic.PPJoinPlusPlus.getMapping(PPJoinPlusPlus.java:188): Filling objects from source knowledge base.
08.05.2011 13:27:23 INFO  [main] de.uni_leipzig.simba.mapper.atomic.PPJoinPlusPlus.getMapping(PPJoinPlusPlus.java:204): Filling objects from target knowledge base.
08.05.2011 13:27:23 INFO  [main] de.uni_leipzig.simba.mapper.atomic.PPJoinPlusPlus.tokenizer(PPJoinPlusPlus.java:559): Tokenizing carried out in 5ms.
08.05.2011 13:27:23 INFO  [main] de.uni_leipzig.simba.mapper.atomic.PPJoinPlusPlus.getMapping(PPJoinPlusPlus.java:233): Beginninng comparison per se
08.05.2011 13:27:23 INFO  [main] de.uni_leipzig.simba.mapper.atomic.PPJoinPlusPlus.getMapping(PPJoinPlusPlus.java:235): Using metric Trigram
08.05.2011 13:27:23 INFO  [main] de.uni_leipzig.simba.mapper.atomic.PPJoinPlusPlus.getMapping(PPJoinPlusPlus.java:312): Mapping carried out using 17 comparisons.
08.05.2011 13:27:23 INFO  [main] de.uni_leipzig.simba.mapper.SimpleSetConstraintsMapper.getLinks(SimpleSetConstraintsMapper.java:71): Atomic mapper got 0 links
08.05.2011 13:27:23 INFO  [main] de.uni_leipzig.simba.mapper.SimpleSetConstraintsMapper.getLinks(SimpleSetConstraintsMapper.java:79): Got 0 links in 33 ms
08.05.2011 13:27:23 INFO  [main] de.uni_leipzig.simba.mapper.SimpleSetConstraintsMapper.getLinks(SimpleSetConstraintsMapper.java:82): Getting links for trigrams(x.geonames:name,y.rdfs:label) with threshold 0.9
08.05.2011 13:27:23 INFO  [main] de.uni_leipzig.simba.mapper.SimpleSetConstraintsMapper.getLinks(SimpleSetConstraintsMapper.java:68): Expression trigrams(x.geonames:name,y.rdfs:label) is atomic.
08.05.2011 13:27:23 INFO  [main] de.uni_leipzig.simba.mapper.SimpleSetConstraintsMapper.getLinks(SimpleSetConstraintsMapper.java:69): Starting atomic mapper on trigrams(x.geonames:name,y.rdfs:label) with threshold 0.9
08.05.2011 13:27:23 INFO  [main] de.uni_leipzig.simba.mapper.atomic.PPJoinPlusPlus.getMapping(PPJoinPlusPlus.java:116): Starting PPJoinPlus
08.05.2011 13:27:23 INFO  [main] de.uni_leipzig.simba.mapper.atomic.PPJoinPlusPlus.getMapping(PPJoinPlusPlus.java:188): Filling objects from source knowledge base.
08.05.2011 13:27:23 INFO  [main] de.uni_leipzig.simba.mapper.atomic.PPJoinPlusPlus.getMapping(PPJoinPlusPlus.java:204): Filling objects from target knowledge base.
08.05.2011 13:27:23 INFO  [main] de.uni_leipzig.simba.mapper.atomic.PPJoinPlusPlus.tokenizer(PPJoinPlusPlus.java:559): Tokenizing carried out in 3ms.
08.05.2011 13:27:23 INFO  [main] de.uni_leipzig.simba.mapper.atomic.PPJoinPlusPlus.getMapping(PPJoinPlusPlus.java:233): Beginninng comparison per se
08.05.2011 13:27:23 INFO  [main] de.uni_leipzig.simba.mapper.atomic.PPJoinPlusPlus.getMapping(PPJoinPlusPlus.java:235): Using metric Trigram
08.05.2011 13:27:23 INFO  [main] de.uni_leipzig.simba.mapper.atomic.PPJoinPlusPlus.getMapping(PPJoinPlusPlus.java:312): Mapping carried out using 17 comparisons.
08.05.2011 13:27:23 INFO  [main] de.uni_leipzig.simba.mapper.SimpleSetConstraintsMapper.getLinks(SimpleSetConstraintsMapper.java:71): Atomic mapper got 0 links
08.05.2011 13:27:23 INFO  [main] de.uni_leipzig.simba.mapper.SimpleSetConstraintsMapper.getLinks(SimpleSetConstraintsMapper.java:84): Got 0 links 21 ms
08.05.2011 13:27:23 INFO  [main] de.uni_leipzig.simba.mapper.SimpleSetConstraintsMapper.mergeMaps(SimpleSetConstraintsMapper.java:140): Merging with OR and filtering with threshold0.9
08.05.2011 13:27:23 INFO  [main] de.uni_leipzig.simba.filter.LinearFilter.filter(LinearFilter.java:64): Filtering out all pairs whose similarity is below 0.9
08.05.2011 13:27:23 INFO  [main] de.uni_leipzig.simba.mapper.SimpleSetConstraintsMapper.getLinks(SimpleSetConstraintsMapper.java:88): Merging and filtering took 1 ms
08.05.2011 13:27:23 INFO  [main] de.uni_leipzig.simba.mapper.SimpleSetConstraintsMapper.getLinks(SimpleSetConstraintsMapper.java:89): Merged via OR to 0 links.
08.05.2011 13:27:23 INFO  [main] de.uni_leipzig.simba.mapper.SimpleSetConstraintsMapper.getLinks(SimpleSetConstraintsMapper.java:84): Got 0 links 67 ms
08.05.2011 13:27:23 INFO  [main] de.uni_leipzig.simba.mapper.SimpleSetConstraintsMapper.mergeMaps(SimpleSetConstraintsMapper.java:140): Merging with OR and filtering with threshold0.0
08.05.2011 13:27:23 INFO  [main] de.uni_leipzig.simba.filter.LinearFilter.filter(LinearFilter.java:64): Filtering out all pairs whose similarity is below 0.0
08.05.2011 13:27:23 INFO  [main] de.uni_leipzig.simba.mapper.SimpleSetConstraintsMapper.getLinks(SimpleSetConstraintsMapper.java:88): Merging and filtering took 2 ms
08.05.2011 13:27:23 INFO  [main] de.uni_leipzig.simba.mapper.SimpleSetConstraintsMapper.getLinks(SimpleSetConstraintsMapper.java:89): Merged via OR to 0 links.
08.05.2011 13:27:23 INFO  [main] de.uni_leipzig.simba.controller.PPJoinController.run(PPJoinController.java:100): Got links in 116ms.
08.05.2011 13:27:23 INFO  [main] de.uni_leipzig.simba.io.SerializerFactory.getSerializer(SerializerFactory.java:20): Getting serializer with name TAB
08.05.2011 13:27:23 INFO  [main] de.uni_leipzig.simba.io.SerializerFactory.getSerializer(SerializerFactory.java:20): Getting serializer with name TAB
08.05.2011 13:27:23 INFO  [main] de.uni_leipzig.simba.controller.PPJoinController.run(PPJoinController.java:105): Using TabSeparatedSerializer to serialize
08.05.2011 13:27:23 INFO  [main] de.uni_leipzig.simba.controller.PPJoinController.run(PPJoinController.java:125): Returned 0 links above acceptance threshold.
08.05.2011 13:27:23 INFO  [main] de.uni_leipzig.simba.controller.PPJoinController.run(PPJoinController.java:126): Returned 0 links to review.
08.05.2011 13:27:23 INFO  [main] de.uni_leipzig.simba.controller.PPJoinController.run(PPJoinController.java:131): Mapping carried out in 2.737 seconds
08.05.2011 13:27:23 INFO  [main] de.uni_leipzig.simba.controller.PPJoinController.run(PPJoinController.java:132): Done.
