05.05.2011 00:07:05 INFO  [main] de.uni_leipzig.simba.io.ConfigReader.validateAndRead(ConfigReader.java:64): File is valid. Parsing ...
05.05.2011 00:07:05 INFO  [main] de.uni_leipzig.simba.io.ConfigReader.validateAndRead(ConfigReader.java:107): Source config
ID: magnatude
Prefixes: {lgdp=http://linkedgeodata.org/property/, dc=http://purl.org/dc/elements/1.1/, dc-terms=http://purl.org/dc/terms, dbpedia-p=http://dbpedia.org/property/, lgdo=http://linkedgeodata.org/ontology/, rdfs=http://www.w3.org/2000/01/rdf-schema#, dbpedia-r=http://dbpedia.org/resource/Category/, mo=http://purl.org/ontology/mo/, dbpedia-o=http://dbpedia.org/ontology/, owl=http://www.w3.org/2002/07/owl#, rdf=http://www.w3.org/1999/02/22-rdf-syntax-ns#, geonames=http://www.geonames.org/ontology#}
Endpoint: http://dbtune.org/magnatune/sparql/
Graph: 
Restrictions: [?x rdf:type mo:Track]
Properties: [mo:track_number, dc:title, ^mo:track/dc:title]
Page size: 1000
Type: sparql

05.05.2011 00:07:05 INFO  [main] de.uni_leipzig.simba.io.ConfigReader.validateAndRead(ConfigReader.java:132): Target config
ID: jamendo
Prefixes: {lgdp=http://linkedgeodata.org/property/, dc=http://purl.org/dc/elements/1.1/, dc-terms=http://purl.org/dc/terms, dbpedia-p=http://dbpedia.org/property/, lgdo=http://linkedgeodata.org/ontology/, rdfs=http://www.w3.org/2000/01/rdf-schema#, dbpedia-r=http://dbpedia.org/resource/Category/, mo=http://purl.org/ontology/mo/, dbpedia-o=http://dbpedia.org/ontology/, owl=http://www.w3.org/2002/07/owl#, rdf=http://www.w3.org/1999/02/22-rdf-syntax-ns#, geonames=http://www.geonames.org/ontology#}
Endpoint: http://dbtune.org/jamendo/sparql/
Graph: null
Restrictions: [?y rdf:type mo:Track]
Properties: [mo:track_number, dc:title, ^mo:track/dc:title]
Page size: 1000
Type: sparql

05.05.2011 00:07:05 INFO  [main] de.uni_leipzig.simba.io.ConfigReader.validateAndRead(ConfigReader.java:136): Metric used OR(euclidean(x.geonames:population,y.lgdo:population)|0.0001, OR(trigrams(x.geonames:alternateName, y.rdfs:label)|0.9, trigrams(x.geonames:name, y.rdfs:label)|0.9)|0.9)
05.05.2011 00:07:05 INFO  [main] de.uni_leipzig.simba.io.ConfigReader.validateAndRead(ConfigReader.java:157): Instances with similarity beyond 1.0E-5 will be written in small_geonames_lgd_accepted.nt and linked with owl:sameAs
05.05.2011 00:07:05 INFO  [main] de.uni_leipzig.simba.io.ConfigReader.validateAndRead(ConfigReader.java:179): Linking will be carried out by using the Simple execution plan
05.05.2011 00:07:05 INFO  [main] de.uni_leipzig.simba.io.ConfigReader.validateAndRead(ConfigReader.java:188): Linking will be carried by using granularity 16
05.05.2011 00:07:05 INFO  [main] de.uni_leipzig.simba.io.ConfigReader.validateAndRead(ConfigReader.java:198): Output will be written in TAB format.
05.05.2011 00:07:05 INFO  [main] de.uni_leipzig.simba.io.ConfigReader.validateAndRead(ConfigReader.java:202): Instances with similarity between 0.0 and 1.0E-5 will be written in small_geonames_lgd_review.nt and linked with owl:sameAs
05.05.2011 00:07:05 INFO  [main] de.uni_leipzig.simba.io.ConfigReader.validateAndRead(ConfigReader.java:212): File Examples\Paper\largescale\magnatude-jamendo.xml is valid.
05.05.2011 00:07:05 INFO  [main] de.uni_leipzig.simba.controller.PPJoinController.run(PPJoinController.java:56): ID: magnatude
Prefixes: {lgdp=http://linkedgeodata.org/property/, dc=http://purl.org/dc/elements/1.1/, dc-terms=http://purl.org/dc/terms, dbpedia-p=http://dbpedia.org/property/, lgdo=http://linkedgeodata.org/ontology/, rdfs=http://www.w3.org/2000/01/rdf-schema#, dbpedia-r=http://dbpedia.org/resource/Category/, mo=http://purl.org/ontology/mo/, dbpedia-o=http://dbpedia.org/ontology/, owl=http://www.w3.org/2002/07/owl#, rdf=http://www.w3.org/1999/02/22-rdf-syntax-ns#, geonames=http://www.geonames.org/ontology#}
Endpoint: http://dbtune.org/magnatune/sparql/
Graph: 
Restrictions: [?x rdf:type mo:Track]
Properties: [mo:track_number, dc:title, ^mo:track/dc:title]
Page size: 1000
Type: sparql

05.05.2011 00:07:05 INFO  [main] de.uni_leipzig.simba.controller.PPJoinController.run(PPJoinController.java:57): ID: jamendo
Prefixes: {lgdp=http://linkedgeodata.org/property/, dc=http://purl.org/dc/elements/1.1/, dc-terms=http://purl.org/dc/terms, dbpedia-p=http://dbpedia.org/property/, lgdo=http://linkedgeodata.org/ontology/, rdfs=http://www.w3.org/2000/01/rdf-schema#, dbpedia-r=http://dbpedia.org/resource/Category/, mo=http://purl.org/ontology/mo/, dbpedia-o=http://dbpedia.org/ontology/, owl=http://www.w3.org/2002/07/owl#, rdf=http://www.w3.org/1999/02/22-rdf-syntax-ns#, geonames=http://www.geonames.org/ontology#}
Endpoint: http://dbtune.org/jamendo/sparql/
Graph: null
Restrictions: [?y rdf:type mo:Track]
Properties: [mo:track_number, dc:title, ^mo:track/dc:title]
Page size: 1000
Type: sparql

05.05.2011 00:07:05 INFO  [main] de.uni_leipzig.simba.controller.PPJoinController.run(PPJoinController.java:62): Loading source data ...
05.05.2011 00:07:05 INFO  [main] de.uni_leipzig.simba.cache.HybridCache.getData(HybridCache.java:205): No cached data found for magnatude
05.05.2011 00:07:05 INFO  [main] de.uni_leipzig.simba.query.SparqlQueryModule.fillCache(SparqlQueryModule.java:71): Properties are [mo:track_number, dc:title, ^mo:track/dc:title]
05.05.2011 00:07:05 INFO  [main] de.uni_leipzig.simba.query.SparqlQueryModule.fillCache(SparqlQueryModule.java:117): Query issued is 
PREFIX lgdp: <http://linkedgeodata.org/property/>
PREFIX dc: <http://purl.org/dc/elements/1.1/>
PREFIX dc-terms: <http://purl.org/dc/terms>
PREFIX dbpedia-p: <http://dbpedia.org/property/>
PREFIX lgdo: <http://linkedgeodata.org/ontology/>
PREFIX rdfs: <http://www.w3.org/2000/01/rdf-schema#>
PREFIX dbpedia-r: <http://dbpedia.org/resource/Category/>
PREFIX mo: <http://purl.org/ontology/mo/>
PREFIX dbpedia-o: <http://dbpedia.org/ontology/>
PREFIX owl: <http://www.w3.org/2002/07/owl#>
PREFIX rdf: <http://www.w3.org/1999/02/22-rdf-syntax-ns#>
PREFIX geonames: <http://www.geonames.org/ontology#>
SELECT DISTINCT ?x ?v0 ?v1 ?v2
WHERE {
?x rdf:type mo:Track .
?x mo:track_number ?v0 .
?x dc:title ?v1 .
?w1 mo:track ?x .
?w1 dc:title ?v2 .
}
05.05.2011 00:07:05 INFO  [main] de.uni_leipzig.simba.query.SparqlQueryModule.fillCache(SparqlQueryModule.java:119): Querying the endpoint.
05.05.2011 00:07:05 INFO  [main] de.uni_leipzig.simba.query.SparqlQueryModule.fillCache(SparqlQueryModule.java:127): Getting statements 0 to 1000
